INFO 2020-12-03 20:00:01,186 basehttp 124 "GET /admin HTTP/1.1" 301 0
INFO 2020-12-03 20:00:01,488 basehttp 124 "GET /admin/ HTTP/1.1" 200 4366
INFO 2020-12-03 20:00:01,619 basehttp 124 "GET /static/xadmin/css/xadmin.plugins.css HTTP/1.1" 200 175
INFO 2020-12-03 20:00:01,676 basehttp 124 "GET /static/xadmin/vendor/bootstrap/css/bootstrap.css HTTP/1.1" 200 126432
INFO 2020-12-03 20:00:01,677 basehttp 124 "GET /static/xadmin/vendor/font-awesome/css/font-awesome.css HTTP/1.1" 200 21658
INFO 2020-12-03 20:00:01,680 basehttp 124 "GET /static/xadmin/css/xadmin.responsive.css HTTP/1.1" 200 4361
INFO 2020-12-03 20:00:01,685 basehttp 124 "GET /static/xadmin/css/xadmin.main.css HTTP/1.1" 200 8376
INFO 2020-12-03 20:00:01,685 basehttp 124 "GET /static/xadmin/css/themes/bootstrap-xadmin.css HTTP/1.1" 200 1888
INFO 2020-12-03 20:00:01,736 basehttp 124 "GET /static/xadmin/vendor/jquery-ui/jquery.ui.mouse.js HTTP/1.1" 200 4561
INFO 2020-12-03 20:00:01,739 basehttp 124 "GET /static/xadmin/js/xadmin.main.js HTTP/1.1" 200 3401
INFO 2020-12-03 20:00:01,743 basehttp 124 "GET /static/xadmin/vendor/jquery-ui/jquery.ui.widget.js HTTP/1.1" 200 15069
INFO 2020-12-03 20:00:01,743 basehttp 124 "GET /static/xadmin/vendor/jquery-ui/jquery.ui.sortable.js HTTP/1.1" 200 42543
INFO 2020-12-03 20:00:01,745 basehttp 124 "GET /static/xadmin/vendor/jquery/jquery.js HTTP/1.1" 200 240196
INFO 2020-12-03 20:00:01,784 basehttp 124 "GET /static/xadmin/vendor/jquery-ui/jquery.ui.effect.js HTTP/1.1" 200 31918
INFO 2020-12-03 20:00:01,790 basehttp 124 "GET /admin/jsi18n/ HTTP/1.1" 200 4373
INFO 2020-12-03 20:00:01,791 basehttp 124 "GET /static/xadmin/vendor/bootstrap/js/bootstrap.js HTTP/1.1" 200 58327
INFO 2020-12-03 20:00:01,817 basehttp 124 "GET /static/xadmin/js/xadmin.plugin.themes.js HTTP/1.1" 200 3489
INFO 2020-12-03 20:00:01,818 basehttp 124 "GET /static/xadmin/js/xadmin.responsive.js HTTP/1.1" 200 4165
INFO 2020-12-03 20:00:01,849 basehttp 124 "GET /static/xadmin/vendor/jquery-ui/jquery.ui.core.js HTTP/1.1" 200 8195
INFO 2020-12-03 20:00:02,019 basehttp 124 "GET /static/xadmin/vendor/font-awesome/fonts/fontawesome-webfont.woff?v=4.0.3 HTTP/1.1" 200 44432
WARNING 2020-12-03 20:00:02,347 base 93 Not Found: /favicon.ico
WARNING 2020-12-03 20:00:02,350 basehttp 124 "GET /favicon.ico HTTP/1.1" 404 2211
INFO 2020-12-03 20:01:35,740 basehttp 124 "GET /admin/ HTTP/1.1" 200 4366
INFO 2020-12-03 20:01:35,820 basehttp 124 "GET /static/xadmin/vendor/bootstrap/css/bootstrap.css HTTP/1.1" 200 126432
INFO 2020-12-03 20:01:35,843 basehttp 124 "GET /static/xadmin/css/xadmin.responsive.css HTTP/1.1" 200 4361
INFO 2020-12-03 20:01:35,845 basehttp 124 "GET /static/xadmin/css/xadmin.plugins.css HTTP/1.1" 200 175
INFO 2020-12-03 20:01:35,845 basehttp 124 "GET /static/xadmin/css/xadmin.main.css HTTP/1.1" 200 8376
INFO 2020-12-03 20:01:35,859 basehttp 124 "GET /static/xadmin/vendor/font-awesome/css/font-awesome.css HTTP/1.1" 200 21658
INFO 2020-12-03 20:01:35,862 basehttp 124 "GET /static/xadmin/css/themes/bootstrap-xadmin.css HTTP/1.1" 200 1888
INFO 2020-12-03 20:01:35,900 basehttp 124 "GET /admin/jsi18n/ HTTP/1.1" 200 4373
INFO 2020-12-03 20:01:35,910 basehttp 124 "GET /static/xadmin/vendor/jquery-ui/jquery.ui.core.js HTTP/1.1" 200 8195
INFO 2020-12-03 20:01:35,919 basehttp 124 "GET /static/xadmin/vendor/jquery-ui/jquery.ui.widget.js HTTP/1.1" 200 15069
INFO 2020-12-03 20:01:35,920 basehttp 124 "GET /static/xadmin/vendor/jquery-ui/jquery.ui.mouse.js HTTP/1.1" 200 4561
INFO 2020-12-03 20:01:35,924 basehttp 124 "GET /static/xadmin/vendor/jquery-ui/jquery.ui.sortable.js HTTP/1.1" 200 42543
INFO 2020-12-03 20:01:35,925 basehttp 124 "GET /static/xadmin/vendor/jquery/jquery.js HTTP/1.1" 200 240196
INFO 2020-12-03 20:01:35,925 basehttp 124 "GET /static/xadmin/vendor/bootstrap/js/bootstrap.js HTTP/1.1" 200 58327
INFO 2020-12-03 20:01:35,933 basehttp 124 "GET /static/xadmin/js/xadmin.responsive.js HTTP/1.1" 200 4165
INFO 2020-12-03 20:01:35,943 basehttp 124 "GET /static/xadmin/js/xadmin.main.js HTTP/1.1" 200 3401
INFO 2020-12-03 20:01:35,946 basehttp 124 "GET /static/xadmin/js/xadmin.plugin.themes.js HTTP/1.1" 200 3489
INFO 2020-12-03 20:01:35,947 basehttp 124 "GET /static/xadmin/vendor/jquery-ui/jquery.ui.effect.js HTTP/1.1" 200 31918
INFO 2020-12-03 20:01:36,232 basehttp 124 "GET /static/xadmin/vendor/font-awesome/fonts/fontawesome-webfont.woff?v=4.0.3 HTTP/1.1" 200 44432
INFO 2020-12-03 20:01:43,480 basehttp 124 "POST /admin/ HTTP/1.1" 302 0
INFO 2020-12-03 20:01:46,068 basehttp 124 "GET /admin/ HTTP/1.1" 200 14766
INFO 2020-12-03 20:01:46,221 basehttp 124 "GET /admin/jsi18n/ HTTP/1.1" 200 3185
INFO 2020-12-03 20:01:46,221 basehttp 124 "GET /static/xadmin/css/xadmin.page.dashboard.css HTTP/1.1" 200 790
INFO 2020-12-03 20:01:46,224 basehttp 124 "GET /static/xadmin/js/xadmin.page.dashboard.js HTTP/1.1" 200 3208
INFO 2020-12-03 20:01:46,226 basehttp 124 "GET /static/xadmin/js/xadmin.plugin.portal.js HTTP/1.1" 200 1000
INFO 2020-12-03 20:02:10,211 basehttp 124 "GET /admin/ HTTP/1.1" 200 14762
INFO 2020-12-03 20:02:10,736 basehttp 124 "GET /admin/jsi18n/ HTTP/1.1" 200 7684
WARNING 2020-12-03 20:02:11,732 base 93 Not Found: /favicon.ico
WARNING 2020-12-03 20:02:11,735 basehttp 124 "GET /favicon.ico HTTP/1.1" 404 2211
INFO 2020-12-03 20:02:17,831 basehttp 124 "GET /admin/auth/user/ HTTP/1.1" 200 34293
INFO 2020-12-03 20:02:17,935 basehttp 124 "GET /static/xadmin/css/xadmin.form.css HTTP/1.1" 200 3763
INFO 2020-12-03 20:02:17,936 basehttp 124 "GET /static/xadmin/js/xadmin.plugin.bookmark.js HTTP/1.1" 200 529
INFO 2020-12-03 20:02:17,943 basehttp 124 "GET /static/xadmin/js/xadmin.plugin.details.js HTTP/1.1" 200 2319
INFO 2020-12-03 20:02:17,951 basehttp 124 "GET /static/xadmin/js/xadmin.plugin.filters.js HTTP/1.1" 200 1990
INFO 2020-12-03 20:02:17,952 basehttp 124 "GET /static/xadmin/js/xadmin.plugin.actions.js HTTP/1.1" 200 4198
INFO 2020-12-03 20:02:17,973 basehttp 124 "GET /static/xadmin/js/xadmin.page.list.js HTTP/1.1" 200 1105
INFO 2020-12-03 20:02:17,989 basehttp 124 "GET /static/xadmin/js/xadmin.page.form.js HTTP/1.1" 200 1948
INFO 2020-12-03 20:02:17,994 basehttp 124 "GET /admin/jsi18n/ HTTP/1.1" 200 7684
INFO 2020-12-03 20:02:19,551 basehttp 124 "GET /admin/auth/group/ HTTP/1.1" 200 23971
INFO 2020-12-03 20:02:19,644 basehttp 124 "GET /admin/jsi18n/ HTTP/1.1" 200 7684
INFO 2020-12-03 20:02:20,938 basehttp 124 "GET /admin/auth/permission/ HTTP/1.1" 200 89406
INFO 2020-12-03 20:02:21,020 basehttp 124 "GET /admin/jsi18n/ HTTP/1.1" 200 7684
INFO 2020-12-03 20:02:27,201 basehttp 124 "GET /admin/home/banner/ HTTP/1.1" 200 24565
INFO 2020-12-03 20:02:27,311 basehttp 124 "GET /admin/jsi18n/ HTTP/1.1" 200 7684
INFO 2020-12-03 20:02:29,246 basehttp 124 "GET /admin/home/nav/ HTTP/1.1" 200 24720
INFO 2020-12-03 20:02:29,340 basehttp 124 "GET /admin/jsi18n/ HTTP/1.1" 200 7684
INFO 2020-12-03 20:02:32,327 basehttp 124 "GET /admin/home/banner/ HTTP/1.1" 200 24565
INFO 2020-12-03 20:02:32,419 basehttp 124 "GET /admin/jsi18n/ HTTP/1.1" 200 7684
INFO 2020-12-03 20:02:33,374 basehttp 124 "GET /admin/home/banner/add/ HTTP/1.1" 200 19811
INFO 2020-12-03 20:02:33,464 basehttp 124 "GET /static/xadmin/vendor/bootstrap-image-gallery/css/bootstrap-image-gallery.css HTTP/1.1" 200 3339
INFO 2020-12-03 20:02:33,489 basehttp 124 "GET /admin/jsi18n/ HTTP/1.1" 200 7684
INFO 2020-12-03 20:02:33,493 basehttp 124 "GET /static/xadmin/vendor/load-image/load-image.js HTTP/1.1" 200 8309
INFO 2020-12-03 20:02:33,496 basehttp 124 "GET /static/xadmin/vendor/bootstrap-image-gallery/js/bootstrap-image-gallery.js HTTP/1.1" 200 15611
INFO 2020-12-03 20:03:15,260 basehttp 124 "POST /admin/home/banner/add/ HTTP/1.1" 302 0
INFO 2020-12-03 20:03:15,391 basehttp 124 "GET /admin/home/banner/add/ HTTP/1.1" 200 20147
INFO 2020-12-03 20:03:15,496 basehttp 124 "GET /admin/jsi18n/ HTTP/1.1" 200 7684
INFO 2020-12-03 20:03:31,418 basehttp 124 "POST /admin/home/banner/add/ HTTP/1.1" 302 0
INFO 2020-12-03 20:03:31,546 basehttp 124 "GET /admin/home/banner/add/ HTTP/1.1" 200 20147
INFO 2020-12-03 20:03:31,638 basehttp 124 "GET /admin/jsi18n/ HTTP/1.1" 200 7684
INFO 2020-12-03 20:03:57,959 basehttp 124 "POST /admin/home/banner/add/ HTTP/1.1" 302 0
INFO 2020-12-03 20:03:58,142 basehttp 124 "GET /admin/home/banner/ HTTP/1.1" 200 29727
INFO 2020-12-03 20:03:58,297 basehttp 124 "GET /admin/jsi18n/ HTTP/1.1" 200 7684
WARNING 2020-12-03 20:10:45,668 base 93 Not Found: /home
WARNING 2020-12-03 20:10:45,669 basehttp 124 "GET /home HTTP/1.1" 404 2190
WARNING 2020-12-03 20:10:51,862 base 93 Not Found: /home/
WARNING 2020-12-03 20:10:51,862 basehttp 124 "GET /home/ HTTP/1.1" 404 2247
WARNING 2020-12-03 20:15:14,504 base 93 Not Found: /home
WARNING 2020-12-03 20:15:14,505 basehttp 124 "GET /home HTTP/1.1" 404 2190
WARNING 2020-12-03 20:15:23,281 base 93 Not Found: /
WARNING 2020-12-03 20:15:23,282 basehttp 124 "GET / HTTP/1.1" 404 2160
WARNING 2020-12-03 20:21:50,275 base 93 Not Found: /home/banners/
WARNING 2020-12-03 20:21:50,275 basehttp 124 "GET /home/banners/ HTTP/1.1" 404 2271
WARNING 2020-12-03 20:24:37,331 base 93 Not Found: /home/banners/
WARNING 2020-12-03 20:24:37,332 basehttp 124 "GET /home/banners/ HTTP/1.1" 404 2271
WARNING 2020-12-03 20:33:02,500 base 93 Not Found: /banner
WARNING 2020-12-03 20:33:02,502 basehttp 124 "GET /banner HTTP/1.1" 404 2196
INFO 2020-12-03 20:34:17,840 basehttp 124 "GET /home/banners/ HTTP/1.1" 200 314
INFO 2020-12-03 20:37:05,339 basehttp 124 "GET /media/banner/2.jpg HTTP/1.1" 200 821373
INFO 2020-12-03 20:37:05,352 basehttp 124 "GET /media/banner/3.jpeg HTTP/1.1" 200 413562
INFO 2020-12-03 20:37:05,401 basehttp 124 "GET /home/banners/ HTTP/1.1" 200 314
INFO 2020-12-03 20:37:05,499 basehttp 124 "GET /media/banner/1.jpg HTTP/1.1" 200 1023242
INFO 2020-12-03 20:41:35,231 basehttp 124 "GET /home/banners/ HTTP/1.1" 200 314
INFO 2020-12-03 20:52:33,239 basehttp 124 "GET /home/navs/ HTTP/1.1" 200 2
INFO 2020-12-03 20:53:00,090 basehttp 124 "GET /home/navs/ HTTP/1.1" 200 2
INFO 2020-12-03 20:53:07,320 basehttp 124 "GET /home/navs/ HTTP/1.1" 200 2
ERROR 2020-12-03 20:53:48,392 exception 74 Invalid HTTP_HOST header: '127.0.0.1:8000'. You may need to add '127.0.0.1' to ALLOWED_HOSTS.
WARNING 2020-12-03 20:53:48,597 basehttp 124 "GET / HTTP/1.1" 400 67770
WARNING 2020-12-03 20:54:11,782 base 93 Not Found: /
WARNING 2020-12-03 20:54:11,783 basehttp 124 "GET / HTTP/1.1" 404 2160
INFO 2020-12-03 20:54:16,174 basehttp 124 "GET /admin HTTP/1.1" 301 0
INFO 2020-12-03 20:54:22,693 basehttp 124 "GET /admin/ HTTP/1.1" 200 14762
INFO 2020-12-03 20:54:22,801 basehttp 124 "GET /static/xadmin/vendor/bootstrap/css/bootstrap.css HTTP/1.1" 304 0
INFO 2020-12-03 20:54:22,915 basehttp 124 "GET /static/xadmin/css/themes/bootstrap-xadmin.css HTTP/1.1" 304 0
INFO 2020-12-03 20:54:22,917 basehttp 124 "GET /static/xadmin/css/xadmin.main.css HTTP/1.1" 304 0
INFO 2020-12-03 20:54:22,917 basehttp 124 "GET /static/xadmin/vendor/font-awesome/css/font-awesome.css HTTP/1.1" 304 0
INFO 2020-12-03 20:54:22,918 basehttp 124 "GET /static/xadmin/css/xadmin.plugins.css HTTP/1.1" 304 0
INFO 2020-12-03 20:54:22,918 basehttp 124 "GET /static/xadmin/css/xadmin.responsive.css HTTP/1.1" 304 0
INFO 2020-12-03 20:54:22,946 basehttp 124 "GET /static/xadmin/css/xadmin.page.dashboard.css HTTP/1.1" 304 0
INFO 2020-12-03 20:54:22,967 basehttp 124 "GET /static/xadmin/vendor/jquery/jquery.js HTTP/1.1" 304 0
INFO 2020-12-03 20:54:22,970 basehttp 124 "GET /static/xadmin/vendor/jquery-ui/jquery.ui.core.js HTTP/1.1" 304 0
INFO 2020-12-03 20:54:22,979 basehttp 124 "GET /static/xadmin/vendor/jquery-ui/jquery.ui.widget.js HTTP/1.1" 304 0
INFO 2020-12-03 20:54:22,988 basehttp 124 "GET /static/xadmin/vendor/jquery-ui/jquery.ui.mouse.js HTTP/1.1" 304 0
INFO 2020-12-03 20:54:22,992 basehttp 124 "GET /static/xadmin/js/xadmin.main.js HTTP/1.1" 304 0
INFO 2020-12-03 20:54:22,993 basehttp 124 "GET /static/xadmin/vendor/jquery-ui/jquery.ui.sortable.js HTTP/1.1" 304 0
INFO 2020-12-03 20:54:22,997 basehttp 124 "GET /static/xadmin/js/xadmin.plugin.themes.js HTTP/1.1" 304 0
INFO 2020-12-03 20:54:23,001 basehttp 124 "GET /static/xadmin/js/xadmin.page.dashboard.js HTTP/1.1" 304 0
INFO 2020-12-03 20:54:23,013 basehttp 124 "GET /static/xadmin/js/xadmin.responsive.js HTTP/1.1" 304 0
INFO 2020-12-03 20:54:23,016 basehttp 124 "GET /admin/jsi18n/ HTTP/1.1" 200 7684
INFO 2020-12-03 20:54:23,020 basehttp 124 "GET /static/xadmin/vendor/bootstrap/js/bootstrap.js HTTP/1.1" 304 0
INFO 2020-12-03 20:54:23,024 basehttp 124 "GET /static/xadmin/js/xadmin.plugin.portal.js HTTP/1.1" 304 0
INFO 2020-12-03 20:54:23,024 basehttp 124 "GET /static/xadmin/vendor/jquery-ui/jquery.ui.effect.js HTTP/1.1" 304 0
INFO 2020-12-03 20:54:23,307 basehttp 124 "GET /static/xadmin/vendor/font-awesome/fonts/fontawesome-webfont.woff?v=4.0.3 HTTP/1.1" 304 0
INFO 2020-12-03 20:54:28,536 basehttp 124 "GET /admin/home/nav/ HTTP/1.1" 200 24720
INFO 2020-12-03 20:54:28,630 basehttp 124 "GET /static/xadmin/css/xadmin.form.css HTTP/1.1" 304 0
INFO 2020-12-03 20:54:28,662 basehttp 124 "GET /admin/jsi18n/ HTTP/1.1" 200 7684
INFO 2020-12-03 20:54:28,666 basehttp 124 "GET /static/xadmin/js/xadmin.plugin.details.js HTTP/1.1" 304 0
INFO 2020-12-03 20:54:28,701 basehttp 124 "GET /static/xadmin/js/xadmin.plugin.bookmark.js HTTP/1.1" 304 0
INFO 2020-12-03 20:54:28,718 basehttp 124 "GET /static/xadmin/js/xadmin.plugin.filters.js HTTP/1.1" 304 0
INFO 2020-12-03 20:54:28,719 basehttp 124 "GET /static/xadmin/js/xadmin.page.list.js HTTP/1.1" 304 0
INFO 2020-12-03 20:54:28,735 basehttp 124 "GET /static/xadmin/js/xadmin.page.form.js HTTP/1.1" 304 0
INFO 2020-12-03 20:54:30,403 basehttp 124 "GET /admin/home/nav/add/ HTTP/1.1" 200 19163
INFO 2020-12-03 20:54:30,516 basehttp 124 "GET /static/xadmin/vendor/select2/select2.css HTTP/1.1" 200 19226
INFO 2020-12-03 20:54:30,518 basehttp 124 "GET /static/xadmin/vendor/selectize/selectize.js HTTP/1.1" 200 98602
INFO 2020-12-03 20:54:30,527 basehttp 124 "GET /static/xadmin/vendor/selectize/selectize.bootstrap3.css HTTP/1.1" 200 10602
INFO 2020-12-03 20:54:30,530 basehttp 124 "GET /static/xadmin/vendor/selectize/selectize.css HTTP/1.1" 200 8425
INFO 2020-12-03 20:54:30,548 basehttp 124 "GET /static/xadmin/vendor/select2/select2.js HTTP/1.1" 200 104906
INFO 2020-12-03 20:54:30,576 basehttp 124 "GET /static/xadmin/vendor/select2/select2_locale_zh-hans.js HTTP/1.1" 200 694
INFO 2020-12-03 20:54:30,599 basehttp 124 "GET /admin/jsi18n/ HTTP/1.1" 200 7684
INFO 2020-12-03 20:54:30,623 basehttp 124 "GET /static/xadmin/js/xadmin.widget.select.js HTTP/1.1" 200 1344
INFO 2020-12-03 20:54:43,380 basehttp 124 "POST /admin/home/nav/add/ HTTP/1.1" 302 0
INFO 2020-12-03 20:54:43,540 basehttp 124 "GET /admin/home/nav/add/ HTTP/1.1" 200 19499
INFO 2020-12-03 20:54:43,649 basehttp 124 "GET /admin/jsi18n/ HTTP/1.1" 200 7684
INFO 2020-12-03 20:54:57,644 basehttp 124 "POST /admin/home/nav/add/ HTTP/1.1" 302 0
INFO 2020-12-03 20:54:57,799 basehttp 124 "GET /admin/home/nav/add/ HTTP/1.1" 200 19505
INFO 2020-12-03 20:54:57,891 basehttp 124 "GET /admin/jsi18n/ HTTP/1.1" 200 7684
INFO 2020-12-03 20:55:58,087 basehttp 124 "POST /admin/home/nav/add/ HTTP/1.1" 302 0
INFO 2020-12-03 20:55:58,397 basehttp 124 "GET /admin/home/nav/ HTTP/1.1" 200 29884
INFO 2020-12-03 20:55:58,502 basehttp 124 "GET /static/xadmin/js/xadmin.plugin.actions.js HTTP/1.1" 304 0
INFO 2020-12-03 20:55:58,516 basehttp 124 "GET /admin/jsi18n/ HTTP/1.1" 200 7684
INFO 2020-12-03 20:56:13,364 basehttp 124 "GET /home/navs/ HTTP/1.1" 200 248
INFO 2020-12-03 20:59:47,403 basehttp 124 "GET /home/navs/ HTTP/1.1" 200 248
INFO 2020-12-03 20:59:50,795 basehttp 124 "GET /admin/home/nav/add/ HTTP/1.1" 200 19163
INFO 2020-12-03 20:59:50,918 basehttp 124 "GET /admin/jsi18n/ HTTP/1.1" 200 7684
INFO 2020-12-03 21:01:02,610 basehttp 124 "POST /admin/home/nav/add/ HTTP/1.1" 302 0
INFO 2020-12-03 21:01:02,792 basehttp 124 "GET /admin/home/nav/ HTTP/1.1" 200 30491
INFO 2020-12-03 21:01:02,890 basehttp 124 "GET /admin/jsi18n/ HTTP/1.1" 200 7684
INFO 2020-12-03 21:04:32,375 basehttp 124 "GET /home/navs/ HTTP/1.1" 200 343
INFO 2020-12-03 21:04:35,875 basehttp 124 "GET /admin/home/nav/4/update/ HTTP/1.1" 200 19506
INFO 2020-12-03 21:04:36,053 basehttp 124 "GET /admin/jsi18n/ HTTP/1.1" 200 7684
INFO 2020-12-03 21:04:41,550 basehttp 124 "GET /home/navs/ HTTP/1.1" 200 343
INFO 2020-12-03 21:05:11,615 basehttp 124 "GET /admin/home/nav/ HTTP/1.1" 200 30191
ERROR 2020-12-03 21:05:11,672 basehttp 124 "GET /admin/home/nav/ HTTP/1.1" 500 59
INFO 2020-12-03 21:05:11,762 basehttp 124 "GET /admin/home/nav/ HTTP/1.1" 200 30191
INFO 2020-12-03 21:05:11,925 basehttp 124 "GET /admin/jsi18n/ HTTP/1.1" 200 7684
INFO 2020-12-03 21:05:13,547 basehttp 124 "GET /admin/home/nav/add/ HTTP/1.1" 200 19163
INFO 2020-12-03 21:05:13,671 basehttp 124 "GET /admin/jsi18n/ HTTP/1.1" 200 7684
INFO 2020-12-03 21:05:33,171 basehttp 124 "POST /admin/home/nav/add/ HTTP/1.1" 302 0
INFO 2020-12-03 21:05:33,331 basehttp 124 "GET /admin/home/nav/add/ HTTP/1.1" 200 19505
INFO 2020-12-03 21:05:33,446 basehttp 124 "GET /admin/jsi18n/ HTTP/1.1" 200 7684
INFO 2020-12-03 21:05:54,661 basehttp 124 "POST /admin/home/nav/add/ HTTP/1.1" 302 0
INFO 2020-12-03 21:05:54,843 basehttp 124 "GET /admin/home/nav/add/ HTTP/1.1" 200 19505
INFO 2020-12-03 21:05:54,990 basehttp 124 "GET /admin/jsi18n/ HTTP/1.1" 200 7684
INFO 2020-12-03 21:06:13,070 basehttp 124 "POST /admin/home/nav/add/ HTTP/1.1" 302 0
INFO 2020-12-03 21:06:13,245 basehttp 124 "GET /admin/home/nav/ HTTP/1.1" 200 32246
INFO 2020-12-03 21:06:13,394 basehttp 124 "GET /admin/jsi18n/ HTTP/1.1" 200 7684
INFO 2020-12-03 21:06:17,114 basehttp 124 "GET /home/navs/ HTTP/1.1" 200 607
INFO 2020-12-03 21:07:14,207 basehttp 124 "GET /home/navs/ HTTP/1.1" 200 607
INFO 2020-12-03 21:09:15,489 basehttp 124 "GET /home/navs/ HTTP/1.1" 200 607
INFO 2020-12-03 21:09:15,516 basehttp 124 "GET /home/navs/ HTTP/1.1" 200 607
INFO 2020-12-03 21:14:10,709 basehttp 124 "GET /home/navs/ HTTP/1.1" 200 607
INFO 2020-12-03 21:14:30,288 basehttp 124 "GET /home/navs/ HTTP/1.1" 200 607
INFO 2020-12-03 21:14:30,307 basehttp 124 "GET /home/navs/ HTTP/1.1" 200 607
INFO 2020-12-03 21:14:30,446 basehttp 124 "GET /home/navs/ HTTP/1.1" 200 607
INFO 2020-12-03 21:14:30,469 basehttp 124 "GET /home/navs/ HTTP/1.1" 200 607
INFO 2020-12-03 21:16:25,264 basehttp 124 "GET /home/navs/ HTTP/1.1" 200 607
INFO 2020-12-03 21:16:25,287 basehttp 124 "GET /home/navs/ HTTP/1.1" 200 607
INFO 2020-12-03 21:16:46,395 basehttp 124 "GET /home/navs/ HTTP/1.1" 200 607
INFO 2020-12-03 21:16:46,413 basehttp 124 "GET /home/navs/ HTTP/1.1" 200 607
INFO 2020-12-03 21:17:29,245 basehttp 124 "GET /home/navs/ HTTP/1.1" 200 607
INFO 2020-12-03 21:17:29,278 basehttp 124 "GET /home/navs/ HTTP/1.1" 200 607
INFO 2020-12-03 21:18:07,077 basehttp 124 "GET /home/navs/ HTTP/1.1" 200 607
INFO 2020-12-03 21:18:07,165 basehttp 124 "GET /home/navs/ HTTP/1.1" 200 607
INFO 2020-12-03 21:19:10,018 basehttp 124 "GET /admin/home/nav/add/ HTTP/1.1" 200 19163
INFO 2020-12-03 21:19:10,195 basehttp 124 "GET /static/xadmin/vendor/bootstrap/css/bootstrap.css HTTP/1.1" 304 0
INFO 2020-12-03 21:19:10,203 basehttp 124 "GET /static/xadmin/css/xadmin.main.css HTTP/1.1" 304 0
INFO 2020-12-03 21:19:10,203 basehttp 124 "GET /static/xadmin/vendor/font-awesome/css/font-awesome.css HTTP/1.1" 304 0
INFO 2020-12-03 21:19:10,204 basehttp 124 "GET /static/xadmin/css/themes/bootstrap-xadmin.css HTTP/1.1" 304 0
INFO 2020-12-03 21:19:10,206 basehttp 124 "GET /static/xadmin/css/xadmin.plugins.css HTTP/1.1" 304 0
INFO 2020-12-03 21:19:10,236 basehttp 124 "GET /static/xadmin/css/xadmin.responsive.css HTTP/1.1" 304 0
INFO 2020-12-03 21:19:10,239 basehttp 124 "GET /static/xadmin/vendor/select2/select2.css HTTP/1.1" 304 0
INFO 2020-12-03 21:19:10,242 basehttp 124 "GET /static/xadmin/vendor/selectize/selectize.css HTTP/1.1" 304 0
INFO 2020-12-03 21:19:10,243 basehttp 124 "GET /static/xadmin/vendor/selectize/selectize.bootstrap3.css HTTP/1.1" 304 0
INFO 2020-12-03 21:19:10,247 basehttp 124 "GET /static/xadmin/css/xadmin.form.css HTTP/1.1" 304 0
INFO 2020-12-03 21:19:10,253 basehttp 124 "GET /static/xadmin/vendor/jquery/jquery.js HTTP/1.1" 304 0
INFO 2020-12-03 21:19:10,327 basehttp 124 "GET /admin/jsi18n/ HTTP/1.1" 200 7684
INFO 2020-12-03 21:19:10,328 basehttp 124 "GET /static/xadmin/vendor/jquery-ui/jquery.ui.core.js HTTP/1.1" 304 0
INFO 2020-12-03 21:19:10,335 basehttp 124 "GET /static/xadmin/vendor/jquery-ui/jquery.ui.mouse.js HTTP/1.1" 304 0
INFO 2020-12-03 21:19:10,336 basehttp 124 "GET /static/xadmin/vendor/jquery-ui/jquery.ui.widget.js HTTP/1.1" 304 0
INFO 2020-12-03 21:19:10,339 basehttp 124 "GET /static/xadmin/vendor/jquery-ui/jquery.ui.sortable.js HTTP/1.1" 304 0
INFO 2020-12-03 21:19:10,346 basehttp 124 "GET /static/xadmin/vendor/bootstrap/js/bootstrap.js HTTP/1.1" 304 0
INFO 2020-12-03 21:19:10,359 basehttp 124 "GET /static/xadmin/js/xadmin.main.js HTTP/1.1" 304 0
INFO 2020-12-03 21:19:10,363 basehttp 124 "GET /static/xadmin/js/xadmin.responsive.js HTTP/1.1" 304 0
INFO 2020-12-03 21:19:10,365 basehttp 124 "GET /static/xadmin/vendor/jquery-ui/jquery.ui.effect.js HTTP/1.1" 304 0
INFO 2020-12-03 21:19:10,366 basehttp 124 "GET /static/xadmin/js/xadmin.plugin.themes.js HTTP/1.1" 304 0
INFO 2020-12-03 21:19:10,375 basehttp 124 "GET /static/xadmin/js/xadmin.plugin.portal.js HTTP/1.1" 304 0
INFO 2020-12-03 21:19:10,382 basehttp 124 "GET /static/xadmin/vendor/selectize/selectize.js HTTP/1.1" 304 0
INFO 2020-12-03 21:19:10,386 basehttp 124 "GET /static/xadmin/js/xadmin.widget.select.js HTTP/1.1" 304 0
INFO 2020-12-03 21:19:10,387 basehttp 124 "GET /static/xadmin/vendor/select2/select2_locale_zh-hans.js HTTP/1.1" 304 0
INFO 2020-12-03 21:19:10,394 basehttp 124 "GET /static/xadmin/js/xadmin.page.form.js HTTP/1.1" 304 0
INFO 2020-12-03 21:19:10,400 basehttp 124 "GET /static/xadmin/vendor/select2/select2.js HTTP/1.1" 304 0
INFO 2020-12-03 21:19:10,516 basehttp 124 "GET /static/xadmin/vendor/font-awesome/fonts/fontawesome-webfont.woff?v=4.0.3 HTTP/1.1" 304 0
INFO 2020-12-03 21:19:31,312 basehttp 124 "POST /admin/home/nav/add/ HTTP/1.1" 302 0
INFO 2020-12-03 21:19:31,520 basehttp 124 "GET /admin/home/nav/ HTTP/1.1" 200 32833
INFO 2020-12-03 21:19:31,672 basehttp 124 "GET /admin/jsi18n/ HTTP/1.1" 200 7684
INFO 2020-12-03 21:19:31,678 basehttp 124 "GET /static/xadmin/js/xadmin.plugin.details.js HTTP/1.1" 304 0
INFO 2020-12-03 21:19:31,687 basehttp 124 "GET /static/xadmin/js/xadmin.plugin.filters.js HTTP/1.1" 304 0
INFO 2020-12-03 21:19:31,689 basehttp 124 "GET /static/xadmin/js/xadmin.plugin.bookmark.js HTTP/1.1" 304 0
INFO 2020-12-03 21:19:31,692 basehttp 124 "GET /static/xadmin/js/xadmin.plugin.actions.js HTTP/1.1" 304 0
INFO 2020-12-03 21:19:31,695 basehttp 124 "GET /static/xadmin/js/xadmin.page.list.js HTTP/1.1" 304 0
INFO 2020-12-03 21:19:36,306 basehttp 124 "GET /home/navs/ HTTP/1.1" 200 695
INFO 2020-12-03 21:19:36,336 basehttp 124 "GET /home/navs/ HTTP/1.1" 200 695
INFO 2020-12-03 21:24:04,080 basehttp 124 "GET /home/navs/ HTTP/1.1" 200 695
INFO 2020-12-03 21:24:04,138 basehttp 124 "GET /home/navs/ HTTP/1.1" 200 695
INFO 2020-12-03 21:24:19,725 basehttp 124 "GET /home/navs/ HTTP/1.1" 200 695
INFO 2020-12-03 21:24:19,778 basehttp 124 "GET /home/navs/ HTTP/1.1" 200 695
INFO 2020-12-03 21:24:22,384 basehttp 124 "GET /home/navs/ HTTP/1.1" 200 695
INFO 2020-12-03 21:24:22,399 basehttp 124 "GET /home/navs/ HTTP/1.1" 200 695
INFO 2020-12-03 21:25:06,125 basehttp 124 "GET /home/navs/ HTTP/1.1" 200 695
INFO 2020-12-03 21:25:06,140 basehttp 124 "GET /home/navs/ HTTP/1.1" 200 695
INFO 2020-12-03 21:25:09,611 basehttp 124 "GET /home/navs/ HTTP/1.1" 200 695
INFO 2020-12-03 21:25:09,686 basehttp 124 "GET /home/navs/ HTTP/1.1" 200 695
INFO 2020-12-03 21:26:10,895 basehttp 124 "GET /home/navs/ HTTP/1.1" 200 695
INFO 2020-12-03 21:26:10,915 basehttp 124 "GET /home/navs/ HTTP/1.1" 200 695
INFO 2020-12-03 21:27:39,622 basehttp 124 "GET /home/navs/ HTTP/1.1" 200 695
INFO 2020-12-03 21:27:39,665 basehttp 124 "GET /home/navs/ HTTP/1.1" 200 695
INFO 2020-12-03 21:28:36,279 basehttp 124 "GET /admin/home/banner/ HTTP/1.1" 200 29439
INFO 2020-12-03 21:28:36,399 basehttp 124 "GET /admin/jsi18n/ HTTP/1.1" 200 7684
INFO 2020-12-03 21:29:49,739 basehttp 124 "GET /home/banners/ HTTP/1.1" 200 314
INFO 2020-12-03 21:29:49,787 basehttp 124 "GET /media/banner/2.jpg HTTP/1.1" 304 0
INFO 2020-12-03 21:29:49,787 basehttp 124 "GET /media/banner/3.jpeg HTTP/1.1" 304 0
INFO 2020-12-03 21:29:49,794 basehttp 124 "GET /media/banner/1.jpg HTTP/1.1" 304 0
INFO 2020-12-03 21:30:50,865 basehttp 124 "GET /home/banners/ HTTP/1.1" 200 314
INFO 2020-12-03 21:31:24,081 basehttp 124 "GET /home/navs/ HTTP/1.1" 200 695
INFO 2020-12-03 21:31:24,097 basehttp 124 "GET /home/banners/ HTTP/1.1" 200 314
INFO 2020-12-03 21:31:24,112 basehttp 124 "GET /home/navs/ HTTP/1.1" 200 695
INFO 2020-12-03 21:32:05,228 basehttp 124 "GET /home/banners/ HTTP/1.1" 200 314
INFO 2020-12-03 21:33:03,381 basehttp 124 "GET /home/navs/ HTTP/1.1" 200 815
INFO 2020-12-03 21:33:03,388 basehttp 124 "GET /home/banners/ HTTP/1.1" 200 359
INFO 2020-12-03 21:33:03,401 basehttp 124 "GET /home/navs/ HTTP/1.1" 200 815
INFO 2020-12-03 21:33:39,430 basehttp 124 "GET /admin/home/nav/ HTTP/1.1" 200 32539
INFO 2020-12-03 21:33:39,552 basehttp 124 "GET /admin/jsi18n/ HTTP/1.1" 200 7684
INFO 2020-12-03 21:33:41,056 basehttp 124 "GET /admin/home/nav/add/ HTTP/1.1" 200 19163
INFO 2020-12-03 21:33:41,208 basehttp 124 "GET /admin/jsi18n/ HTTP/1.1" 200 7684
INFO 2020-12-03 21:34:03,497 basehttp 124 "POST /admin/home/nav/add/ HTTP/1.1" 302 0
INFO 2020-12-03 21:34:03,694 basehttp 124 "GET /admin/home/nav/add/ HTTP/1.1" 200 19505
INFO 2020-12-03 21:34:03,846 basehttp 124 "GET /admin/jsi18n/ HTTP/1.1" 200 7684
INFO 2020-12-03 21:34:22,520 basehttp 124 "POST /admin/home/nav/add/ HTTP/1.1" 302 0
INFO 2020-12-03 21:34:22,642 basehttp 124 "GET /admin/home/nav/add/ HTTP/1.1" 200 19506
INFO 2020-12-03 21:34:22,750 basehttp 124 "GET /admin/jsi18n/ HTTP/1.1" 200 7684
INFO 2020-12-03 21:34:32,373 basehttp 124 "GET /home/navs/ HTTP/1.1" 200 1021
INFO 2020-12-03 21:34:32,374 basehttp 124 "GET /home/banners/ HTTP/1.1" 200 359
INFO 2020-12-03 21:34:32,407 basehttp 124 "GET /home/navs/ HTTP/1.1" 200 1021
INFO 2020-12-03 21:34:42,308 basehttp 124 "GET /admin/home/nav/ HTTP/1.1" 200 33720
ERROR 2020-12-03 21:34:42,318 basehttp 124 "GET /admin/home/nav/ HTTP/1.1" 500 59
INFO 2020-12-03 21:34:42,356 basehttp 124 "GET /admin/home/nav/ HTTP/1.1" 200 33720
INFO 2020-12-03 21:34:42,471 basehttp 124 "GET /admin/jsi18n/ HTTP/1.1" 200 7684
INFO 2020-12-03 21:34:42,864 basehttp 124 "GET /admin/home/banner/ HTTP/1.1" 200 29439
INFO 2020-12-03 21:34:42,954 basehttp 124 "GET /admin/jsi18n/ HTTP/1.1" 200 7684
INFO 2020-12-03 21:34:44,562 basehttp 124 "GET /admin/home/nav/ HTTP/1.1" 200 33720
ERROR 2020-12-03 21:34:44,570 basehttp 124 "GET /admin/home/nav/ HTTP/1.1" 500 59
INFO 2020-12-03 21:34:44,716 basehttp 124 "GET /admin/home/nav/ HTTP/1.1" 200 33720
INFO 2020-12-03 21:34:44,812 basehttp 124 "GET /admin/jsi18n/ HTTP/1.1" 200 7684
INFO 2020-12-03 21:35:24,464 basehttp 124 "GET /home/navs/ HTTP/1.1" 200 1021
INFO 2020-12-03 21:35:24,472 basehttp 124 "GET /home/banners/ HTTP/1.1" 200 359
INFO 2020-12-03 21:35:24,480 basehttp 124 "GET /home/navs/ HTTP/1.1" 200 1021
INFO 2020-12-03 21:35:55,588 basehttp 124 "GET /home/navs/ HTTP/1.1" 200 1021
INFO 2020-12-03 21:35:55,597 basehttp 124 "GET /home/banners/ HTTP/1.1" 200 359
INFO 2020-12-03 21:35:55,615 basehttp 124 "GET /home/navs/ HTTP/1.1" 200 1021
INFO 2020-12-03 21:36:10,671 basehttp 124 "GET /home/navs/ HTTP/1.1" 200 1021
INFO 2020-12-03 21:36:10,684 basehttp 124 "GET /home/banners/ HTTP/1.1" 200 359
INFO 2020-12-03 21:36:10,694 basehttp 124 "GET /home/navs/ HTTP/1.1" 200 1021
INFO 2020-12-03 21:36:31,559 basehttp 124 "GET /admin/home/nav/1/update/ HTTP/1.1" 200 19465
INFO 2020-12-03 21:36:31,677 basehttp 124 "GET /admin/jsi18n/ HTTP/1.1" 200 7684
INFO 2020-12-03 21:36:33,693 basehttp 124 "GET /admin/home/nav/ HTTP/1.1" 200 33720
INFO 2020-12-03 21:36:36,184 basehttp 124 "GET /admin/home/nav/2/update/ HTTP/1.1" 200 19490
INFO 2020-12-03 21:36:36,278 basehttp 124 "GET /admin/jsi18n/ HTTP/1.1" 200 7684
INFO 2020-12-03 21:36:37,624 basehttp 124 "GET /admin/home/nav/ HTTP/1.1" 200 33720
INFO 2020-12-03 21:36:39,918 basehttp 124 "GET /admin/home/nav/4/update/ HTTP/1.1" 200 19506
INFO 2020-12-03 21:36:40,001 basehttp 124 "GET /admin/jsi18n/ HTTP/1.1" 200 7684
INFO 2020-12-03 21:36:42,964 basehttp 124 "POST /admin/home/nav/4/update/ HTTP/1.1" 302 0
INFO 2020-12-03 21:36:43,139 basehttp 124 "GET /admin/home/nav/ HTTP/1.1" 200 33961
INFO 2020-12-03 21:36:43,247 basehttp 124 "GET /admin/jsi18n/ HTTP/1.1" 200 7684
INFO 2020-12-03 21:36:47,697 basehttp 124 "GET /home/navs/ HTTP/1.1" 200 1021
INFO 2020-12-03 21:36:47,705 basehttp 124 "GET /home/banners/ HTTP/1.1" 200 359
INFO 2020-12-03 21:36:47,727 basehttp 124 "GET /home/navs/ HTTP/1.1" 200 1021
INFO 2020-12-03 21:37:09,338 basehttp 124 "GET /admin/home/nav/2/update/ HTTP/1.1" 200 19490
INFO 2020-12-03 21:37:09,438 basehttp 124 "GET /admin/jsi18n/ HTTP/1.1" 200 7684
INFO 2020-12-03 21:37:12,347 basehttp 124 "POST /admin/home/nav/2/update/ HTTP/1.1" 302 0
INFO 2020-12-03 21:37:12,564 basehttp 124 "GET /admin/home/nav/ HTTP/1.1" 200 33955
INFO 2020-12-03 21:37:12,698 basehttp 124 "GET /admin/jsi18n/ HTTP/1.1" 200 7684
INFO 2020-12-03 21:37:15,224 basehttp 124 "GET /home/navs/ HTTP/1.1" 200 1021
INFO 2020-12-03 21:37:15,229 basehttp 124 "GET /home/banners/ HTTP/1.1" 200 359
INFO 2020-12-03 21:37:15,250 basehttp 124 "GET /home/navs/ HTTP/1.1" 200 1021
INFO 2020-12-03 21:37:24,260 basehttp 124 "GET /admin/home/nav/3/update/ HTTP/1.1" 200 19456
INFO 2020-12-03 21:37:24,356 basehttp 124 "GET /admin/jsi18n/ HTTP/1.1" 200 7684
INFO 2020-12-03 21:37:28,730 basehttp 124 "POST /admin/home/nav/3/update/ HTTP/1.1" 302 0
INFO 2020-12-03 21:37:28,895 basehttp 124 "GET /admin/home/nav/ HTTP/1.1" 200 33947
INFO 2020-12-03 21:37:29,027 basehttp 124 "GET /admin/jsi18n/ HTTP/1.1" 200 7684
INFO 2020-12-03 21:37:35,343 basehttp 124 "GET /home/navs/ HTTP/1.1" 200 1021
INFO 2020-12-03 21:37:35,355 basehttp 124 "GET /home/banners/ HTTP/1.1" 200 359
INFO 2020-12-03 21:37:35,367 basehttp 124 "GET /home/navs/ HTTP/1.1" 200 1021
INFO 2020-12-03 21:37:36,610 basehttp 124 "GET /home/navs/ HTTP/1.1" 200 1021
INFO 2020-12-03 21:37:36,619 basehttp 124 "GET /home/banners/ HTTP/1.1" 200 359
INFO 2020-12-03 21:37:36,641 basehttp 124 "GET /home/navs/ HTTP/1.1" 200 1021
INFO 2020-12-03 21:37:47,580 basehttp 124 "GET /admin/home/nav/add/ HTTP/1.1" 200 19163
INFO 2020-12-03 21:37:47,697 basehttp 124 "GET /admin/jsi18n/ HTTP/1.1" 200 7684
INFO 2020-12-03 21:38:13,613 basehttp 124 "POST /admin/home/nav/add/ HTTP/1.1" 302 0
INFO 2020-12-03 21:38:13,787 basehttp 124 "GET /admin/home/nav/ HTTP/1.1" 200 34604
INFO 2020-12-03 21:38:13,901 basehttp 124 "GET /admin/jsi18n/ HTTP/1.1" 200 7684
INFO 2020-12-03 21:38:16,342 basehttp 124 "GET /home/navs/ HTTP/1.1" 200 1120
INFO 2020-12-03 21:38:16,347 basehttp 124 "GET /home/banners/ HTTP/1.1" 200 359
INFO 2020-12-03 21:38:16,379 basehttp 124 "GET /home/navs/ HTTP/1.1" 200 1120
INFO 2020-12-03 21:39:42,547 basehttp 124 "GET /home/navs/ HTTP/1.1" 200 1120
INFO 2020-12-03 21:39:42,552 basehttp 124 "GET /home/banners/ HTTP/1.1" 200 359
INFO 2020-12-03 21:39:42,609 basehttp 124 "GET /home/navs/ HTTP/1.1" 200 1120
INFO 2020-12-03 21:39:42,681 basehttp 124 "GET /media/banner/3.jpeg HTTP/1.1" 304 0
INFO 2020-12-03 21:39:42,694 basehttp 124 "GET /media/banner/2.jpg HTTP/1.1" 304 0
INFO 2020-12-03 21:39:42,703 basehttp 124 "GET /media/banner/1.jpg HTTP/1.1" 304 0
INFO 2020-12-03 21:40:22,794 basehttp 124 "GET /admin/home/banner/ HTTP/1.1" 200 29439
INFO 2020-12-03 21:40:22,896 basehttp 124 "GET /admin/jsi18n/ HTTP/1.1" 200 7684
INFO 2020-12-03 21:40:24,153 basehttp 124 "GET /admin/home/banner/add/ HTTP/1.1" 200 19811
INFO 2020-12-03 21:40:24,240 basehttp 124 "GET /static/xadmin/vendor/bootstrap-image-gallery/css/bootstrap-image-gallery.css HTTP/1.1" 304 0
INFO 2020-12-03 21:40:24,267 basehttp 124 "GET /admin/jsi18n/ HTTP/1.1" 200 7684
INFO 2020-12-03 21:40:24,306 basehttp 124 "GET /static/xadmin/vendor/load-image/load-image.js HTTP/1.1" 304 0
INFO 2020-12-03 21:40:24,353 basehttp 124 "GET /static/xadmin/vendor/bootstrap-image-gallery/js/bootstrap-image-gallery.js HTTP/1.1" 304 0
INFO 2020-12-03 21:40:45,578 basehttp 124 "POST /admin/home/banner/add/ HTTP/1.1" 302 0
INFO 2020-12-03 21:40:45,754 basehttp 124 "GET /admin/home/banner/ HTTP/1.1" 200 30308
INFO 2020-12-03 21:40:45,875 basehttp 124 "GET /admin/jsi18n/ HTTP/1.1" 200 7684
INFO 2020-12-03 21:40:49,014 basehttp 124 "GET /home/navs/ HTTP/1.1" 200 1120
INFO 2020-12-03 21:40:49,021 basehttp 124 "GET /home/banners/ HTTP/1.1" 200 511
INFO 2020-12-03 21:40:49,038 basehttp 124 "GET /home/navs/ HTTP/1.1" 200 1120
INFO 2020-12-03 21:40:49,254 basehttp 124 "GET /media/banner/QQ%E5%9B%BE%E7%89%8720201009142400.jpg HTTP/1.1" 200 4215921
INFO 2020-12-03 21:42:15,909 basehttp 124 "GET /home/banners/ HTTP/1.1" 200 511
INFO 2020-12-03 21:42:15,916 basehttp 124 "GET /home/navs/ HTTP/1.1" 200 1120
INFO 2020-12-03 21:42:15,936 basehttp 124 "GET /home/navs/ HTTP/1.1" 200 1120
INFO 2020-12-03 21:42:16,039 basehttp 124 "GET /media/banner/QQ%E5%9B%BE%E7%89%8720201009142400.jpg HTTP/1.1" 304 0
INFO 2020-12-03 21:43:16,051 basehttp 124 "GET /home/banners/ HTTP/1.1" 200 511
INFO 2020-12-03 21:43:30,837 basehttp 124 "GET /home/navs/ HTTP/1.1" 200 1120
INFO 2020-12-03 21:43:30,843 basehttp 124 "GET /home/banners/ HTTP/1.1" 200 511
INFO 2020-12-03 21:43:30,862 basehttp 124 "GET /home/navs/ HTTP/1.1" 200 1120
INFO 2020-12-03 21:44:36,575 basehttp 124 "GET /home/navs/ HTTP/1.1" 200 1120
INFO 2020-12-03 21:44:36,586 basehttp 124 "GET /home/banners/ HTTP/1.1" 200 511
INFO 2020-12-03 21:44:36,594 basehttp 124 "GET /home/navs/ HTTP/1.1" 200 1120
INFO 2020-12-03 21:44:36,626 basehttp 124 "GET /media/banner/QQ%E5%9B%BE%E7%89%8720201009142400.jpg HTTP/1.1" 304 0
INFO 2020-12-03 21:44:54,665 basehttp 124 "GET /admin/home/nav/ HTTP/1.1" 200 34309
INFO 2020-12-03 21:44:54,805 basehttp 124 "GET /static/xadmin/vendor/bootstrap/css/bootstrap.css HTTP/1.1" 304 0
INFO 2020-12-03 21:44:54,806 basehttp 124 "GET /static/xadmin/css/themes/bootstrap-xadmin.css HTTP/1.1" 304 0
INFO 2020-12-03 21:44:54,817 basehttp 124 "GET /static/xadmin/vendor/font-awesome/css/font-awesome.css HTTP/1.1" 304 0
INFO 2020-12-03 21:44:54,824 basehttp 124 "GET /static/xadmin/css/xadmin.main.css HTTP/1.1" 304 0
INFO 2020-12-03 21:44:54,849 basehttp 124 "GET /static/xadmin/css/xadmin.plugins.css HTTP/1.1" 304 0
INFO 2020-12-03 21:44:54,851 basehttp 124 "GET /static/xadmin/css/xadmin.responsive.css HTTP/1.1" 304 0
INFO 2020-12-03 21:44:54,890 basehttp 124 "GET /static/xadmin/css/xadmin.form.css HTTP/1.1" 304 0
INFO 2020-12-03 21:44:54,915 basehttp 124 "GET /static/xadmin/vendor/jquery/jquery.js HTTP/1.1" 304 0
INFO 2020-12-03 21:44:54,923 basehttp 124 "GET /static/xadmin/vendor/jquery-ui/jquery.ui.core.js HTTP/1.1" 304 0
INFO 2020-12-03 21:44:54,937 basehttp 124 "GET /admin/jsi18n/ HTTP/1.1" 200 7684
INFO 2020-12-03 21:44:54,944 basehttp 124 "GET /static/xadmin/vendor/jquery-ui/jquery.ui.widget.js HTTP/1.1" 304 0
INFO 2020-12-03 21:44:54,945 basehttp 124 "GET /static/xadmin/vendor/jquery-ui/jquery.ui.mouse.js HTTP/1.1" 304 0
INFO 2020-12-03 21:44:54,955 basehttp 124 "GET /static/xadmin/vendor/jquery-ui/jquery.ui.sortable.js HTTP/1.1" 304 0
INFO 2020-12-03 21:44:54,956 basehttp 124 "GET /static/xadmin/js/xadmin.main.js HTTP/1.1" 304 0
INFO 2020-12-03 21:44:54,957 basehttp 124 "GET /static/xadmin/vendor/bootstrap/js/bootstrap.js HTTP/1.1" 304 0
INFO 2020-12-03 21:44:54,961 basehttp 124 "GET /static/xadmin/vendor/jquery-ui/jquery.ui.effect.js HTTP/1.1" 304 0
INFO 2020-12-03 21:44:54,976 basehttp 124 "GET /static/xadmin/js/xadmin.plugin.themes.js HTTP/1.1" 304 0
INFO 2020-12-03 21:44:54,977 basehttp 124 "GET /static/xadmin/js/xadmin.plugin.details.js HTTP/1.1" 304 0
INFO 2020-12-03 21:44:54,988 basehttp 124 "GET /static/xadmin/js/xadmin.plugin.bookmark.js HTTP/1.1" 304 0
INFO 2020-12-03 21:44:54,999 basehttp 124 "GET /static/xadmin/js/xadmin.plugin.filters.js HTTP/1.1" 304 0
INFO 2020-12-03 21:44:55,001 basehttp 124 "GET /static/xadmin/js/xadmin.plugin.actions.js HTTP/1.1" 304 0
INFO 2020-12-03 21:44:55,005 basehttp 124 "GET /static/xadmin/js/xadmin.page.list.js HTTP/1.1" 304 0
INFO 2020-12-03 21:44:55,006 basehttp 124 "GET /static/xadmin/js/xadmin.responsive.js HTTP/1.1" 304 0
INFO 2020-12-03 21:44:55,020 basehttp 124 "GET /static/xadmin/js/xadmin.page.form.js HTTP/1.1" 304 0
INFO 2020-12-03 21:44:55,133 basehttp 124 "GET /static/xadmin/vendor/font-awesome/fonts/fontawesome-webfont.woff?v=4.0.3 HTTP/1.1" 304 0
INFO 2020-12-03 21:45:04,321 basehttp 124 "GET /admin/home/nav/4/update/ HTTP/1.1" 200 19506
INFO 2020-12-03 21:45:04,424 basehttp 124 "GET /static/xadmin/vendor/select2/select2.css HTTP/1.1" 304 0
INFO 2020-12-03 21:45:04,478 basehttp 124 "GET /static/xadmin/vendor/selectize/selectize.bootstrap3.css HTTP/1.1" 304 0
INFO 2020-12-03 21:45:04,478 basehttp 124 "GET /static/xadmin/vendor/selectize/selectize.css HTTP/1.1" 304 0
INFO 2020-12-03 21:45:04,504 basehttp 124 "GET /static/xadmin/js/xadmin.plugin.portal.js HTTP/1.1" 304 0
INFO 2020-12-03 21:45:04,507 basehttp 124 "GET /static/xadmin/vendor/selectize/selectize.js HTTP/1.1" 304 0
INFO 2020-12-03 21:45:04,518 basehttp 124 "GET /static/xadmin/vendor/select2/select2.js HTTP/1.1" 304 0
INFO 2020-12-03 21:45:04,520 basehttp 124 "GET /admin/jsi18n/ HTTP/1.1" 200 7684
INFO 2020-12-03 21:45:04,522 basehttp 124 "GET /static/xadmin/js/xadmin.widget.select.js HTTP/1.1" 304 0
INFO 2020-12-03 21:45:04,529 basehttp 124 "GET /static/xadmin/vendor/select2/select2_locale_zh-hans.js HTTP/1.1" 304 0
INFO 2020-12-03 21:45:07,518 basehttp 124 "POST /admin/home/nav/4/update/ HTTP/1.1" 302 0
INFO 2020-12-03 21:45:07,751 basehttp 124 "GET /admin/home/nav/ HTTP/1.1" 200 34550
INFO 2020-12-03 21:45:07,839 basehttp 124 "GET /admin/jsi18n/ HTTP/1.1" 200 7684
INFO 2020-12-03 21:45:16,579 basehttp 124 "GET /admin/home/nav/11/update/ HTTP/1.1" 200 19488
INFO 2020-12-03 21:45:16,695 basehttp 124 "GET /admin/jsi18n/ HTTP/1.1" 200 7684
INFO 2020-12-03 21:45:19,067 basehttp 124 "POST /admin/home/nav/11/update/ HTTP/1.1" 302 0
INFO 2020-12-03 21:45:19,272 basehttp 124 "GET /admin/home/nav/ HTTP/1.1" 200 34544
INFO 2020-12-03 21:45:19,393 basehttp 124 "GET /admin/jsi18n/ HTTP/1.1" 200 7684
INFO 2020-12-03 21:45:23,246 basehttp 124 "GET /home/navs/ HTTP/1.1" 200 1120
INFO 2020-12-03 21:45:23,255 basehttp 124 "GET /home/banners/ HTTP/1.1" 200 511
INFO 2020-12-03 21:45:23,276 basehttp 124 "GET /home/navs/ HTTP/1.1" 200 1120
INFO 2020-12-03 21:45:23,365 basehttp 124 "GET /media/banner/QQ%E5%9B%BE%E7%89%8720201009142400.jpg HTTP/1.1" 304 0
INFO 2020-12-03 21:45:31,598 basehttp 124 "GET /admin/home/nav/11/update/ HTTP/1.1" 200 19488
INFO 2020-12-03 21:45:31,694 basehttp 124 "GET /admin/jsi18n/ HTTP/1.1" 200 7684
INFO 2020-12-03 21:45:34,575 basehttp 124 "GET /admin/home/nav/ HTTP/1.1" 200 34309
INFO 2020-12-03 21:46:00,541 basehttp 124 "GET /home/navs/ HTTP/1.1" 200 1120
INFO 2020-12-03 21:46:00,546 basehttp 124 "GET /home/banners/ HTTP/1.1" 200 511
INFO 2020-12-03 21:46:00,566 basehttp 124 "GET /home/navs/ HTTP/1.1" 200 1120
INFO 2020-12-03 21:46:00,611 basehttp 124 "GET /media/banner/QQ%E5%9B%BE%E7%89%8720201009142400.jpg HTTP/1.1" 304 0
INFO 2020-12-03 21:46:49,444 basehttp 124 "GET /home/navs/ HTTP/1.1" 200 1120
INFO 2020-12-03 21:46:49,453 basehttp 124 "GET /home/banners/ HTTP/1.1" 200 511
INFO 2020-12-03 21:46:49,467 basehttp 124 "GET /home/navs/ HTTP/1.1" 200 1120
INFO 2020-12-03 21:46:49,538 basehttp 124 "GET /media/banner/QQ%E5%9B%BE%E7%89%8720201009142400.jpg HTTP/1.1" 304 0
INFO 2020-12-03 21:46:54,333 basehttp 124 "GET /home/navs/ HTTP/1.1" 200 1120
INFO 2020-12-03 21:46:54,341 basehttp 124 "GET /home/banners/ HTTP/1.1" 200 511
INFO 2020-12-03 21:46:54,359 basehttp 124 "GET /home/navs/ HTTP/1.1" 200 1120
INFO 2020-12-03 21:47:29,195 basehttp 124 "GET /admin/home/nav/2/update/ HTTP/1.1" 200 19490
INFO 2020-12-03 21:47:29,306 basehttp 124 "GET /admin/jsi18n/ HTTP/1.1" 200 7684
INFO 2020-12-03 21:47:32,964 basehttp 124 "POST /admin/home/nav/2/update/ HTTP/1.1" 302 0
INFO 2020-12-03 21:47:33,204 basehttp 124 "GET /admin/home/nav/ HTTP/1.1" 200 34544
INFO 2020-12-03 21:47:33,319 basehttp 124 "GET /admin/jsi18n/ HTTP/1.1" 200 7684
INFO 2020-12-03 21:47:40,034 basehttp 124 "GET /home/navs/ HTTP/1.1" 200 1123
INFO 2020-12-03 21:47:40,043 basehttp 124 "GET /home/banners/ HTTP/1.1" 200 511
INFO 2020-12-03 21:47:40,057 basehttp 124 "GET /home/navs/ HTTP/1.1" 200 1123
INFO 2020-12-03 21:47:40,083 basehttp 124 "GET /media/banner/QQ%E5%9B%BE%E7%89%8720201009142400.jpg HTTP/1.1" 304 0
INFO 2020-12-03 21:47:49,795 basehttp 124 "GET /home/banners/ HTTP/1.1" 200 511
INFO 2020-12-03 21:47:49,807 basehttp 124 "GET /home/navs/ HTTP/1.1" 200 1123
INFO 2020-12-03 21:47:49,883 basehttp 124 "GET /home/navs/ HTTP/1.1" 200 1123
INFO 2020-12-03 21:47:59,159 basehttp 124 "GET /admin/home/nav/5/update/ HTTP/1.1" 200 19506
INFO 2020-12-03 21:47:59,252 basehttp 124 "GET /admin/jsi18n/ HTTP/1.1" 200 7684
INFO 2020-12-03 21:48:09,415 basehttp 124 "POST /admin/home/nav/5/update/ HTTP/1.1" 302 0
INFO 2020-12-03 21:48:09,591 basehttp 124 "GET /admin/home/nav/ HTTP/1.1" 200 34550
INFO 2020-12-03 21:48:09,708 basehttp 124 "GET /admin/jsi18n/ HTTP/1.1" 200 7684
INFO 2020-12-03 21:48:14,885 basehttp 124 "GET /home/navs/ HTTP/1.1" 200 1126
INFO 2020-12-03 21:48:14,900 basehttp 124 "GET /home/banners/ HTTP/1.1" 200 511
INFO 2020-12-03 21:48:14,927 basehttp 124 "GET /home/navs/ HTTP/1.1" 200 1126
